<?xml version="1.0" encoding="UTF-8"?>
<!-- Generated by org.testng.reporters.JUnitReportReporter -->
<testsuite hostname="MSI" failures="0" tests="2" name="com.test.GoogleTitleTest" time="5.816" errors="0" timestamp="2021-09-09T14:24:16 IST" skipped="0">
  <testcase classname="com.test.GoogleTitleTest" name="googleLogoTest" time="3.057"/>
  <system-out/>
  <testcase classname="com.test.GoogleTitleTest" name="googleTitleTest" time="2.759"/>
  <system-out/>
</testsuite> <!-- com.test.GoogleTitleTest -->
