<?xml version="1.0" encoding="UTF-8"?>
<!-- Generated by org.testng.reporters.JUnitReportReporter -->
<testsuite hostname="MSI" failures="0" tests="3" name="com.test.TestNGBasic" time="0.003" errors="0" timestamp="2021-09-09T14:24:16 IST" skipped="0">
  <testcase classname="com.test.TestNGBasic" name="gmailTitle" time="0.001"/>
  <system-out/>
  <testcase classname="com.test.TestNGBasic" name="googleTitle" time="0.001"/>
  <system-out/>
  <testcase classname="com.test.TestNGBasic" name="googleLogo" time="0.001"/>
  <system-out/>
</testsuite> <!-- com.test.TestNGBasic -->
