<?xml version="1.0" encoding="UTF-8"?>
<!-- Generated by org.testng.reporters.JUnitReportReporter -->
<testsuite hostname="MSI" failures="0" tests="1" name="com.test.ExeptionalTimeoutTest" time="0.005" errors="0" timestamp="2021-09-09T14:24:16 IST" skipped="0">
  <testcase classname="com.test.ExeptionalTimeoutTest" name="test" time="0.005"/>
  <system-out/>
</testsuite> <!-- com.test.ExeptionalTimeoutTest -->
