<?xml version="1.0" encoding="UTF-8"?>
<!-- Generated by org.testng.reporters.JUnitReportReporter -->
<testsuite hostname="MSI" failures="0" tests="10" name="com.test.InvocationCountTest" time="0.016" errors="0" timestamp="2021-09-11T13:13:53 IST" skipped="0">
  <testcase classname="com.test.InvocationCountTest" name="arethmatic" time="0.001"/>
  <system-out/>
  <testcase classname="com.test.InvocationCountTest" name="arethmatic" time="0.001"/>
  <system-out/>
  <testcase classname="com.test.InvocationCountTest" name="arethmatic" time="0.001"/>
  <system-out/>
  <testcase classname="com.test.InvocationCountTest" name="arethmatic" time="0.001"/>
  <system-out/>
  <testcase classname="com.test.InvocationCountTest" name="arethmatic" time="0.001"/>
  <system-out/>
  <testcase classname="com.test.InvocationCountTest" name="arethmatic" time="0.008"/>
  <system-out/>
  <testcase classname="com.test.InvocationCountTest" name="arethmatic" time="0.001"/>
  <system-out/>
  <testcase classname="com.test.InvocationCountTest" name="arethmatic" time="0.000"/>
  <system-out/>
  <testcase classname="com.test.InvocationCountTest" name="arethmatic" time="0.001"/>
  <system-out/>
  <testcase classname="com.test.InvocationCountTest" name="arethmatic" time="0.001"/>
  <system-out/>
</testsuite> <!-- com.test.InvocationCountTest -->
