<?xml version="1.0" encoding="UTF-8"?>
<!-- Generated by org.testng.reporters.JUnitReportReporter -->
<testsuite hostname="MSI" failures="0" tests="1" name="com.ParameterTest.ParameterTest" time="6.635" errors="0" timestamp="2021-09-11T14:46:36 IST" skipped="0">
  <testcase classname="com.ParameterTest.ParameterTest" name="yahooLoginTest" time="6.635"/>
  <system-out/>
</testsuite> <!-- com.ParameterTest.ParameterTest -->
