<?xml version="1.0" encoding="UTF-8"?>
<!-- Generated by org.testng.reporters.JUnitReportReporter -->
<testsuite hostname="MSI" failures="0" tests="1" name="com.dataprovider.test.HalfEbeyTest" time="4.593" errors="0" timestamp="2021-09-11T16:04:10 IST" skipped="0">
  <testcase classname="com.dataprovider.test.HalfEbeyTest" name="ebeyregistrationpagetest" time="4.593"/>
  <system-out/>
</testsuite> <!-- com.dataprovider.test.HalfEbeyTest -->
