<?xml version="1.0" encoding="UTF-8"?>
<!-- Generated by org.testng.reporters.JUnitReportReporter -->
<testsuite hostname="MSI" failures="0" tests="5" name="com.test.GoogleTest" time="16.971" errors="0" timestamp="2021-09-09T14:24:16 IST" skipped="0">
  <testcase classname="com.test.GoogleTest" name="test1" time="2.604"/>
  <system-out/>
  <testcase classname="com.test.GoogleTest" name="test2" time="3.183"/>
  <system-out/>
  <testcase classname="com.test.GoogleTest" name="googleLogoTest" time="4.364"/>
  <system-out/>
  <testcase classname="com.test.GoogleTest" name="gmailLinkTest" time="3.113"/>
  <system-out/>
  <testcase classname="com.test.GoogleTest" name="googleTitleTest" time="3.707"/>
  <system-out/>
</testsuite> <!-- com.test.GoogleTest -->
